{"numTotalTestSuites":38,"numPassedTestSuites":38,"numFailedTestSuites":0,"numPendingTestSuites":0,"numTotalTests":45,"numPassedTests":45,"numFailedTests":0,"numPendingTests":0,"numTodoTests":0,"snapshot":{"added":0,"failure":false,"filesAdded":0,"filesRemoved":0,"filesRemovedList":[],"filesUnmatched":0,"filesUpdated":0,"matched":0,"total":0,"unchecked":0,"uncheckedKeysByFile":[],"unmatched":0,"updated":0,"didUpdate":false},"startTime":1761152253282,"success":true,"testResults":[{"assertionResults":[{"ancestorTitles":["DashboardLayout"],"fullName":"DashboardLayout renders menu and user info, triggers logout","status":"passed","title":"renders menu and user info, triggers logout","duration":327.0171,"failureMessages":[],"meta":{}}],"startTime":1761152262171,"endTime":1761152262498.017,"status":"passed","message":"","name":"C:/Users/Cooray/OneDrive/Desktop/stms/Frontend/src/components/__tests__/DashboardLayout.test.jsx"},{"assertionResults":[{"ancestorTitles":["Navbar"],"fullName":"Navbar shows user email and triggers logout","status":"passed","title":"shows user email and triggers logout","duration":215.37170000000015,"failureMessages":[],"meta":{}}],"startTime":1761152264254,"endTime":1761152264469.3716,"status":"passed","message":"","name":"C:/Users/Cooray/OneDrive/Desktop/stms/Frontend/src/components/__tests__/Navbar.test.jsx"},{"assertionResults":[{"ancestorTitles":["ProtectedRoute"],"fullName":"ProtectedRoute redirects when not authenticated","status":"passed","title":"redirects when not authenticated","duration":121.07700000000023,"failureMessages":[],"meta":{}}],"startTime":1761152262228,"endTime":1761152262349.077,"status":"passed","message":"","name":"C:/Users/Cooray/OneDrive/Desktop/stms/Frontend/src/components/__tests__/ProtectedRoute.test.jsx"},{"assertionResults":[{"ancestorTitles":["Sidebar"],"fullName":"Sidebar renders menu links","status":"passed","title":"renders menu links","duration":59.73460000000023,"failureMessages":[],"meta":{}}],"startTime":1761152265701,"endTime":1761152265760.7346,"status":"passed","message":"","name":"C:/Users/Cooray/OneDrive/Desktop/stms/Frontend/src/components/__tests__/Sidebar.test.jsx"},{"assertionResults":[{"ancestorTitles":["PublicHome"],"fullName":"PublicHome shows loading then tournaments count and cards","status":"passed","title":"shows loading then tournaments count and cards","duration":163.83719999999994,"failureMessages":[],"meta":{}},{"ancestorTitles":["PublicHome"],"fullName":"PublicHome shows empty state when no tournaments","status":"passed","title":"shows empty state when no tournaments","duration":32.42540000000008,"failureMessages":[],"meta":{}}],"startTime":1761152256898,"endTime":1761152257095.4253,"status":"passed","message":"","name":"C:/Users/Cooray/OneDrive/Desktop/stms/Frontend/src/pages/__tests__/PublicHome.test.jsx"},{"assertionResults":[{"ancestorTitles":["PublicTournamentLeaderboard PDF export"],"fullName":"PublicTournamentLeaderboard PDF export builds PDF with player table when Export to PDF clicked (players view)","status":"passed","title":"builds PDF with player table when Export to PDF clicked (players view)","duration":381.18139999999994,"failureMessages":[],"meta":{}},{"ancestorTitles":["PublicTournamentLeaderboard PDF export"],"fullName":"PublicTournamentLeaderboard PDF export builds PDF with university table when switched and Export clicked","status":"passed","title":"builds PDF with university table when switched and Export clicked","duration":143.66969999999992,"failureMessages":[],"meta":{}}],"startTime":1761152256785,"endTime":1761152257309.6697,"status":"passed","message":"","name":"C:/Users/Cooray/OneDrive/Desktop/stms/Frontend/src/pages/__tests__/PublicTournamentLeaderboard.export.test.jsx"},{"assertionResults":[{"ancestorTitles":["PublicTournamentLeaderboard"],"fullName":"PublicTournamentLeaderboard shows not found when tournament missing","status":"passed","title":"shows not found when tournament missing","duration":136.7566999999999,"failureMessages":[],"meta":{}},{"ancestorTitles":["PublicTournamentLeaderboard"],"fullName":"PublicTournamentLeaderboard renders player leaderboard and toggles to universities","status":"passed","title":"renders player leaderboard and toggles to universities","duration":248.51969999999983,"failureMessages":[],"meta":{}}],"startTime":1761152256754,"endTime":1761152257139.5198,"status":"passed","message":"","name":"C:/Users/Cooray/OneDrive/Desktop/stms/Frontend/src/pages/__tests__/PublicTournamentLeaderboard.test.jsx"},{"assertionResults":[{"ancestorTitles":["PublicTournamentResults"],"fullName":"PublicTournamentResults shows not found when tournament missing","status":"passed","title":"shows not found when tournament missing","duration":139.70869999999968,"failureMessages":[],"meta":{}},{"ancestorTitles":["PublicTournamentResults"],"fullName":"PublicTournamentResults renders events and results then switches to overview tab","status":"passed","title":"renders events and results then switches to overview tab","duration":344.1759000000002,"failureMessages":[],"meta":{}}],"startTime":1761152256788,"endTime":1761152257272.1758,"status":"passed","message":"","name":"C:/Users/Cooray/OneDrive/Desktop/stms/Frontend/src/pages/__tests__/PublicTournamentResults.test.jsx"},{"assertionResults":[{"ancestorTitles":["PublicTournaments"],"fullName":"PublicTournaments renders empty state when no tournaments","status":"passed","title":"renders empty state when no tournaments","duration":146.1302000000005,"failureMessages":[],"meta":{}}],"startTime":1761152261777,"endTime":1761152261923.1301,"status":"passed","message":"","name":"C:/Users/Cooray/OneDrive/Desktop/stms/Frontend/src/pages/__tests__/PublicTournaments.test.jsx"},{"assertionResults":[{"ancestorTitles":["apiClient interceptor"],"fullName":"apiClient interceptor attaches Authorization header when token present","status":"passed","title":"attaches Authorization header when token present","duration":3.784099999999853,"failureMessages":[],"meta":{}},{"ancestorTitles":["apiClient interceptor"],"fullName":"apiClient interceptor skips Authorization header when no token","status":"passed","title":"skips Authorization header when no token","duration":0.9398000000001048,"failureMessages":[],"meta":{}}],"startTime":1761152264558,"endTime":1761152264562.9397,"status":"passed","message":"","name":"C:/Users/Cooray/OneDrive/Desktop/stms/Frontend/src/services/__tests__/apiClient.test.js"},{"assertionResults":[{"ancestorTitles":["authService"],"fullName":"authService login extracts token (direct)","status":"passed","title":"login extracts token (direct)","duration":3.7921000000001186,"failureMessages":[],"meta":{}},{"ancestorTitles":["authService"],"fullName":"authService login extracts nested token","status":"passed","title":"login extracts nested token","duration":0.6594999999997526,"failureMessages":[],"meta":{}},{"ancestorTitles":["authService"],"fullName":"authService login throws when no token","status":"passed","title":"login throws when no token","duration":3.312800000000152,"failureMessages":[],"meta":{}},{"ancestorTitles":["authService"],"fullName":"authService getProfile returns data","status":"passed","title":"getProfile returns data","duration":0.5706000000000131,"failureMessages":[],"meta":{}},{"ancestorTitles":["authService"],"fullName":"authService getProfile fallback when error","status":"passed","title":"getProfile fallback when error","duration":0.5913000000000466,"failureMessages":[],"meta":{}}],"startTime":1761152259914,"endTime":1761152259923.5913,"status":"passed","message":"","name":"C:/Users/Cooray/OneDrive/Desktop/stms/Frontend/src/services/__tests__/authService.test.js"},{"assertionResults":[{"ancestorTitles":["eventService"],"fullName":"eventService listEventsByTournament hits endpoint","status":"passed","title":"listEventsByTournament hits endpoint","duration":6.4695999999999,"failureMessages":[],"meta":{}}],"startTime":1761152264996,"endTime":1761152265002.4695,"status":"passed","message":"","name":"C:/Users/Cooray/OneDrive/Desktop/stms/Frontend/src/services/__tests__/eventService.test.js"},{"assertionResults":[{"ancestorTitles":["leaderboardService"],"fullName":"leaderboardService getLeaderboard calls correct endpoint","status":"passed","title":"getLeaderboard calls correct endpoint","duration":6.436900000000151,"failureMessages":[],"meta":{}}],"startTime":1761152263653,"endTime":1761152263659.437,"status":"passed","message":"","name":"C:/Users/Cooray/OneDrive/Desktop/stms/Frontend/src/services/__tests__/leaderboardService.test.js"},{"assertionResults":[{"ancestorTitles":["playerEventsService"],"fullName":"playerEventsService listEventsByPlayer validates playerId","status":"passed","title":"listEventsByPlayer validates playerId","duration":5.139799999999923,"failureMessages":[],"meta":{}},{"ancestorTitles":["playerEventsService"],"fullName":"playerEventsService addEventToPlayer validates name","status":"passed","title":"addEventToPlayer validates name","duration":1.019800000000032,"failureMessages":[],"meta":{}},{"ancestorTitles":["playerEventsService"],"fullName":"playerEventsService workflow add/update/delete","status":"passed","title":"workflow add/update/delete","duration":6.169700000000375,"failureMessages":[],"meta":{}}],"startTime":1761152260916,"endTime":1761152260929.1697,"status":"passed","message":"","name":"C:/Users/Cooray/OneDrive/Desktop/stms/Frontend/src/services/__tests__/playerEventsService.test.js"},{"assertionResults":[{"ancestorTitles":["playerService"],"fullName":"playerService listPlayersByUniversity requires id","status":"passed","title":"listPlayersByUniversity requires id","duration":4.996700000000146,"failureMessages":[],"meta":{}},{"ancestorTitles":["playerService"],"fullName":"playerService listPlayersByTournament requires id","status":"passed","title":"listPlayersByTournament requires id","duration":0.7957000000001244,"failureMessages":[],"meta":{}},{"ancestorTitles":["playerService"],"fullName":"playerService createPlayer validation","status":"passed","title":"createPlayer validation","duration":12.012000000000171,"failureMessages":[],"meta":{}},{"ancestorTitles":["playerService"],"fullName":"playerService createPlayer success maps body","status":"passed","title":"createPlayer success maps body","duration":3.753899999999703,"failureMessages":[],"meta":{}},{"ancestorTitles":["playerService"],"fullName":"playerService updatePlayer validation","status":"passed","title":"updatePlayer validation","duration":1.2952000000000226,"failureMessages":[],"meta":{}},{"ancestorTitles":["playerService"],"fullName":"playerService updatePlayer success","status":"passed","title":"updatePlayer success","duration":0.4834000000000742,"failureMessages":[],"meta":{}},{"ancestorTitles":["playerService"],"fullName":"playerService deletePlayer calls endpoint","status":"passed","title":"deletePlayer calls endpoint","duration":0.599999999999909,"failureMessages":[],"meta":{}}],"startTime":1761152255911,"endTime":1761152255935.6,"status":"passed","message":"","name":"C:/Users/Cooray/OneDrive/Desktop/stms/Frontend/src/services/__tests__/playerService.test.js"},{"assertionResults":[{"ancestorTitles":["tournamentEventRegistrationsService"],"fullName":"tournamentEventRegistrationsService validates required params","status":"passed","title":"validates required params","duration":6.670200000000477,"failureMessages":[],"meta":{}},{"ancestorTitles":["tournamentEventRegistrationsService"],"fullName":"tournamentEventRegistrationsService listRegistrations endpoint","status":"passed","title":"listRegistrations endpoint","duration":4.711999999999534,"failureMessages":[],"meta":{}},{"ancestorTitles":["tournamentEventRegistrationsService"],"fullName":"tournamentEventRegistrationsService register/unregister endpoints","status":"passed","title":"register/unregister endpoints","duration":2.396299999999428,"failureMessages":[],"meta":{}}],"startTime":1761152260287,"endTime":1761152260301.3962,"status":"passed","message":"","name":"C:/Users/Cooray/OneDrive/Desktop/stms/Frontend/src/services/__tests__/tournamentEventRegistrationsService.test.js"},{"assertionResults":[{"ancestorTitles":["tournamentEventsService"],"fullName":"tournamentEventsService validation errors","status":"passed","title":"validation errors","duration":6.966800000000148,"failureMessages":[],"meta":{}},{"ancestorTitles":["tournamentEventsService"],"fullName":"tournamentEventsService listEventsByTournament success","status":"passed","title":"listEventsByTournament success","duration":4.388299999999617,"failureMessages":[],"meta":{}},{"ancestorTitles":["tournamentEventsService"],"fullName":"tournamentEventsService create/update/delete flow","status":"passed","title":"create/update/delete flow","duration":1.5859000000000378,"failureMessages":[],"meta":{}}],"startTime":1761152259413,"endTime":1761152259426.586,"status":"passed","message":"","name":"C:/Users/Cooray/OneDrive/Desktop/stms/Frontend/src/services/__tests__/tournamentEventsService.test.js"},{"assertionResults":[{"ancestorTitles":["tournamentService mapping & validation"],"fullName":"tournamentService mapping & validation maps list response backend -> UI shape","status":"passed","title":"maps list response backend -> UI shape","duration":3.245400000000245,"failureMessages":[],"meta":{}},{"ancestorTitles":["tournamentService mapping & validation"],"fullName":"tournamentService mapping & validation createTournament validates required fields","status":"passed","title":"createTournament validates required fields","duration":15.22460000000001,"failureMessages":[],"meta":{}},{"ancestorTitles":["tournamentService mapping & validation"],"fullName":"tournamentService mapping & validation createTournament posts mapped payload","status":"passed","title":"createTournament posts mapped payload","duration":5.47649999999976,"failureMessages":[],"meta":{}},{"ancestorTitles":["tournamentService mapping & validation"],"fullName":"tournamentService mapping & validation updateTournament validates required fields","status":"passed","title":"updateTournament validates required fields","duration":2.2786000000000968,"failureMessages":[],"meta":{}},{"ancestorTitles":["tournamentService mapping & validation"],"fullName":"tournamentService mapping & validation deleteTournament calls correct endpoint","status":"passed","title":"deleteTournament calls correct endpoint","duration":0.7265999999999622,"failureMessages":[],"meta":{}}],"startTime":1761152256190,"endTime":1761152256217.7266,"status":"passed","message":"","name":"C:/Users/Cooray/OneDrive/Desktop/stms/Frontend/src/services/__tests__/tournamentService.test.js"},{"assertionResults":[{"ancestorTitles":["universityService"],"fullName":"universityService validations","status":"passed","title":"validations","duration":5.815200000000004,"failureMessages":[],"meta":{}},{"ancestorTitles":["universityService"],"fullName":"universityService list + create + update + delete","status":"passed","title":"list + create + update + delete","duration":5.852100000000064,"failureMessages":[],"meta":{}}],"startTime":1761152255988,"endTime":1761152255999.852,"status":"passed","message":"","name":"C:/Users/Cooray/OneDrive/Desktop/stms/Frontend/src/services/__tests__/universityService.test.js"}]}
